\BOOKMARK [1][-]{section*.1}{ABSTRACT}{section*.2}% 1
\BOOKMARK [1][-]{section.1}{Introduction}{}% 2
\BOOKMARK [1][-]{section.2}{Image processing pipeline}{}% 3
\BOOKMARK [2][-]{subsection.2.1}{PSF anisotropy correction}{section.2}% 4
\BOOKMARK [2][-]{subsection.2.2}{PSF isotropy}{section.2}% 5
\BOOKMARK [1][-]{section.3}{Testing the pipeline with Simulations}{}% 6
\BOOKMARK [2][-]{subsection.3.1}{Testing with SHERA}{section.3}% 7
\BOOKMARK [3][-]{subsubsection.3.1.1}{SHERA data}{subsection.3.1}% 8
\BOOKMARK [3][-]{subsubsection.3.1.2}{PSF matching}{subsection.3.1}% 9
\BOOKMARK [3][-]{subsubsection.3.1.3}{SHERA testing results}{subsection.3.1}% 10
\BOOKMARK [2][-]{subsection.3.2}{GREAT3 }{section.3}% 11
\BOOKMARK [1][-]{section.4}{Application to the SDSS DR7}{}% 12
\BOOKMARK [2][-]{subsection.4.1}{Lens galaxies}{section.4}% 13
\BOOKMARK [2][-]{subsection.4.2}{Source galaxies}{section.4}% 14
\BOOKMARK [2][-]{subsection.4.3}{Galaxy-galaxy lensing signals}{section.4}% 15
\BOOKMARK [1][-]{section.5}{Discussion and Conclusion}{}% 16
\BOOKMARK [1][-]{appendix.A}{A. BJ02 Method}{}% 17
\BOOKMARK [1][-]{appendix.B}{B. Systematic checks}{}% 18
\BOOKMARK [2][-]{subsection.B.1}{Systematic errors}{appendix.B}% 19
\BOOKMARK [3][-]{subsubsection.B.1.1}{Selection bias}{subsection.B.1}% 20
\BOOKMARK [3][-]{subsubsection.B.1.2}{PSF reconstruction bias}{subsection.B.1}% 21
\BOOKMARK [3][-]{subsubsection.B.1.3}{PSF dilution bias}{subsection.B.1}% 22
\BOOKMARK [3][-]{subsubsection.B.1.4}{Shear responsivity error}{subsection.B.1}% 23
\BOOKMARK [3][-]{subsubsection.B.1.5}{Noise rectification bias}{subsection.B.1}% 24
\BOOKMARK [2][-]{subsection.B.2}{Systematic tests}{appendix.B}% 25
\BOOKMARK [3][-]{subsubsection.B.2.1}{Redshift test}{subsection.B.2}% 26
\BOOKMARK [3][-]{subsubsection.B.2.2}{Random sample test}{subsection.B.2}% 27
\BOOKMARK [3][-]{subsubsection.B.2.3}{45 degree rotation test}{subsection.B.2}% 28
\BOOKMARK [1][-]{appendix.C}{C. The ESDs of lens galaxies}{}% 29
